mode: atomic
github.com/markbates/plugins/plugtest/availability.go:13.50,15.2 1 0
github.com/markbates/plugins/plugtest/availability.go:17.64,19.2 1 0
github.com/markbates/plugins/plugtest/feeder.go:15.38,17.2 1 0
github.com/markbates/plugins/plugtest/feeder.go:19.50,20.14 1 0
github.com/markbates/plugins/plugtest/feeder.go:20.14,21.33 1 0
github.com/markbates/plugins/plugtest/feeder.go:21.33,23.4 1 0
github.com/markbates/plugins/plugtest/feeder.go:26.2,26.32 1 0
github.com/markbates/plugins/plugtest/feeder.go:26.32,28.3 1 0
github.com/markbates/plugins/plugtest/fs.go:20.46,21.14 1 0
github.com/markbates/plugins/plugtest/fs.go:21.14,23.3 1 0
github.com/markbates/plugins/plugtest/fs.go:25.2,25.17 1 0
github.com/markbates/plugins/plugtest/fs.go:25.17,27.3 1 0
github.com/markbates/plugins/plugtest/fs.go:29.2,29.18 1 0
github.com/markbates/plugins/plugtest/fs.go:32.48,33.14 1 0
github.com/markbates/plugins/plugtest/fs.go:33.14,35.3 1 0
github.com/markbates/plugins/plugtest/fs.go:37.2,37.15 1 0
github.com/markbates/plugins/plugtest/fs.go:37.15,39.3 1 0
github.com/markbates/plugins/plugtest/fs.go:41.2,45.12 4 0
github.com/markbates/plugins/plugtest/fs.go:48.38,50.2 1 0
github.com/markbates/plugins/plugtest/io.go:22.34,24.2 1 0
github.com/markbates/plugins/plugtest/io.go:26.44,27.14 1 0
github.com/markbates/plugins/plugtest/io.go:27.14,29.3 1 0
github.com/markbates/plugins/plugtest/io.go:31.2,32.12 2 0
github.com/markbates/plugins/plugtest/io.go:35.33,36.14 1 0
github.com/markbates/plugins/plugtest/io.go:36.14,38.3 1 0
github.com/markbates/plugins/plugtest/io.go:40.2,40.13 1 0
github.com/markbates/plugins/plugtest/io.go:43.33,44.14 1 0
github.com/markbates/plugins/plugtest/io.go:44.14,46.3 1 0
github.com/markbates/plugins/plugtest/io.go:48.2,48.22 1 0
github.com/markbates/plugins/plugtest/io.go:51.32,52.14 1 0
github.com/markbates/plugins/plugtest/io.go:52.14,54.3 1 0
github.com/markbates/plugins/plugtest/io.go:56.2,56.21 1 0
github.com/markbates/plugins/plugtest/io.go:59.33,60.14 1 0
github.com/markbates/plugins/plugtest/io.go:60.14,62.3 1 0
github.com/markbates/plugins/plugtest/io.go:64.2,64.22 1 0
github.com/markbates/plugins/plugtest/manager.go:20.39,22.2 1 0
github.com/markbates/plugins/plugtest/manager.go:24.58,25.14 1 0
github.com/markbates/plugins/plugtest/manager.go:25.14,27.3 1 0
github.com/markbates/plugins/plugtest/manager.go:29.2,29.15 1 0
github.com/markbates/plugins/plugtest/manager.go:29.15,31.3 1 0
github.com/markbates/plugins/plugtest/manager.go:33.2,37.12 4 0
github.com/markbates/plugins/plugtest/manager.go:40.51,41.31 1 0
github.com/markbates/plugins/plugtest/manager.go:41.31,43.3 1 0
github.com/markbates/plugins/plugtest/manager.go:45.2,45.14 1 0
github.com/markbates/plugins/plugtest/manager.go:45.14,47.3 1 0
github.com/markbates/plugins/plugtest/manager.go:49.2,52.23 3 0
github.com/markbates/plugins/plugtest/manager.go:52.23,54.3 1 0
github.com/markbates/plugins/plugtest/manager.go:56.2,56.19 1 0
github.com/markbates/plugins/plugtest/manager.go:59.51,61.2 1 0
github.com/markbates/plugins/plugtest/needer.go:18.38,20.2 1 0
github.com/markbates/plugins/plugtest/needer.go:22.56,23.14 1 0
github.com/markbates/plugins/plugtest/needer.go:23.14,25.3 1 0
github.com/markbates/plugins/plugtest/needer.go:27.2,27.14 1 0
github.com/markbates/plugins/plugtest/needer.go:27.14,29.3 1 0
github.com/markbates/plugins/plugtest/needer.go:31.2,36.12 4 0
github.com/markbates/plugins/plugtest/scoper.go:15.38,17.2 1 0
github.com/markbates/plugins/plugtest/scoper.go:19.50,20.14 1 0
github.com/markbates/plugins/plugtest/scoper.go:20.14,22.3 1 0
github.com/markbates/plugins/plugtest/scoper.go:24.2,24.18 1 0
github.com/markbates/plugins/plugtest/simple.go:13.37,15.2 1 0
github.com/markbates/plugins/plugtest/string.go:5.43,7.2 1 0
github.com/markbates/plugins/finder.go:18.56,20.2 1 2
github.com/markbates/plugins/finder.go:24.39,25.45 1 2
github.com/markbates/plugins/finder.go:25.45,28.27 2 2
github.com/markbates/plugins/finder.go:28.27,29.30 1 8
github.com/markbates/plugins/finder.go:29.30,31.13 2 1
github.com/markbates/plugins/finder.go:34.4,34.41 1 7
github.com/markbates/plugins/finder.go:34.41,36.13 2 1
github.com/markbates/plugins/finder.go:40.3,40.18 1 2
github.com/markbates/plugins/finder.go:43.2,43.21 1 2
github.com/markbates/plugins/finder.go:48.39,51.26 2 7
github.com/markbates/plugins/finder.go:51.26,52.28 1 27
github.com/markbates/plugins/finder.go:52.28,54.4 1 19
github.com/markbates/plugins/finder.go:57.2,57.12 1 7
github.com/markbates/plugins/io.go:48.40,49.21 1 2
github.com/markbates/plugins/io.go:49.21,51.3 1 1
github.com/markbates/plugins/io.go:53.2,55.25 3 1
github.com/markbates/plugins/io.go:55.25,57.3 1 3
github.com/markbates/plugins/io.go:60.2,60.62 1 1
github.com/markbates/plugins/io.go:60.62,62.3 1 3
github.com/markbates/plugins/io.go:64.2,64.23 1 1
github.com/markbates/plugins/io.go:64.23,66.3 1 0
github.com/markbates/plugins/io.go:68.2,68.35 1 1
github.com/markbates/plugins/io.go:74.40,75.21 1 2
github.com/markbates/plugins/io.go:75.21,77.3 1 1
github.com/markbates/plugins/io.go:79.2,81.25 3 1
github.com/markbates/plugins/io.go:81.25,83.3 1 3
github.com/markbates/plugins/io.go:86.2,86.62 1 1
github.com/markbates/plugins/io.go:86.62,88.3 1 3
github.com/markbates/plugins/io.go:90.2,90.23 1 1
github.com/markbates/plugins/io.go:90.23,92.3 1 0
github.com/markbates/plugins/io.go:94.2,94.35 1 1
github.com/markbates/plugins/plugins.go:66.32,68.2 1 1
github.com/markbates/plugins/plugins.go:72.46,74.2 1 1
github.com/markbates/plugins/plugins.go:77.41,79.2 1 1
github.com/markbates/plugins/plugins.go:81.46,82.24 1 1
github.com/markbates/plugins/plugins.go:82.24,84.3 1 1
github.com/markbates/plugins/plugins.go:88.46,90.2 1 1
github.com/markbates/plugins/plugins.go:94.44,97.24 2 1
github.com/markbates/plugins/plugins.go:97.24,98.40 1 2
github.com/markbates/plugins/plugins.go:98.40,103.4 2 0
github.com/markbates/plugins/plugins.go:106.2,106.12 1 1
github.com/markbates/plugins/plugins.go:111.53,112.15 1 2
github.com/markbates/plugins/plugins.go:112.15,114.3 1 1
github.com/markbates/plugins/plugins.go:116.2,118.28 2 1
github.com/markbates/plugins/plugins.go:118.28,119.43 1 3
github.com/markbates/plugins/plugins.go:119.43,121.4 1 0
github.com/markbates/plugins/plugins.go:124.2,124.12 1 1
github.com/markbates/plugins/plugins.go:128.52,129.15 1 2
github.com/markbates/plugins/plugins.go:129.15,131.3 1 1
github.com/markbates/plugins/plugins.go:133.2,135.25 2 1
github.com/markbates/plugins/plugins.go:135.25,136.45 1 2
github.com/markbates/plugins/plugins.go:136.45,141.4 2 0
github.com/markbates/plugins/plugins.go:144.2,144.12 1 1
github.com/markbates/plugins/plugins.go:148.57,150.2 1 1
github.com/markbates/plugins/plugins.go:157.53,160.26 2 1
github.com/markbates/plugins/plugins.go:160.26,162.10 2 4
github.com/markbates/plugins/plugins.go:162.10,164.12 2 0
github.com/markbates/plugins/plugins.go:167.3,167.31 1 4
github.com/markbates/plugins/plugins.go:167.31,169.4 1 2
github.com/markbates/plugins/plugins.go:172.2,172.12 1 1
github.com/markbates/plugins/plugins.go:175.42,177.2 1 0
github.com/markbates/plugins/plugins.go:182.39,183.21 1 4
github.com/markbates/plugins/plugins.go:183.21,185.3 1 1
github.com/markbates/plugins/plugins.go:187.2,188.31 2 3
github.com/markbates/plugins/plugins.go:188.31,189.20 1 6
github.com/markbates/plugins/plugins.go:189.20,191.4 1 1
github.com/markbates/plugins/plugins.go:193.3,194.17 2 5
github.com/markbates/plugins/plugins.go:194.17,196.4 1 0
github.com/markbates/plugins/plugins.go:198.3,198.18 1 5
github.com/markbates/plugins/plugins.go:198.18,200.4 1 1
github.com/markbates/plugins/plugins.go:201.3,201.21 1 4
github.com/markbates/plugins/plugins.go:203.2,203.12 1 1
github.com/markbates/plugins/plugins.go:207.39,209.26 2 1
github.com/markbates/plugins/plugins.go:209.26,211.3 1 3
github.com/markbates/plugins/plugins.go:212.2,212.14 1 1
github.com/markbates/plugins/plugcmd/aliaser.go:20.43,22.2 1 1
github.com/markbates/plugins/plugcmd/aliaser.go:24.41,26.2 1 1
github.com/markbates/plugins/plugcmd/commander.go:22.83,24.2 1 1
github.com/markbates/plugins/plugcmd/commander.go:26.43,28.2 1 1
github.com/markbates/plugins/plugcmd/describer.go:22.44,24.2 1 1
github.com/markbates/plugins/plugcmd/describer.go:26.43,28.2 1 1
github.com/markbates/plugins/plugcmd/find.go:12.67,13.25 1 2
github.com/markbates/plugins/plugcmd/find.go:13.25,14.32 1 2
github.com/markbates/plugins/plugcmd/find.go:14.32,15.12 1 1
github.com/markbates/plugins/plugcmd/find.go:17.3,17.24 1 1
github.com/markbates/plugins/plugcmd/find.go:20.2,20.12 1 1
github.com/markbates/plugins/plugcmd/find.go:24.57,25.21 1 5
github.com/markbates/plugins/plugcmd/find.go:25.21,27.3 1 1
github.com/markbates/plugins/plugcmd/find.go:29.2,31.25 2 4
github.com/markbates/plugins/plugcmd/find.go:31.25,32.29 1 4
github.com/markbates/plugins/plugcmd/find.go:32.29,33.27 1 4
github.com/markbates/plugins/plugcmd/find.go:33.27,35.5 1 1
github.com/markbates/plugins/plugcmd/find.go:38.3,38.31 1 3
github.com/markbates/plugins/plugcmd/find.go:38.31,39.37 1 3
github.com/markbates/plugins/plugcmd/find.go:39.37,40.18 1 2
github.com/markbates/plugins/plugcmd/find.go:40.18,42.6 1 1
github.com/markbates/plugins/plugcmd/find.go:46.3,46.40 1 2
github.com/markbates/plugins/plugcmd/find.go:46.40,48.4 1 2
github.com/markbates/plugins/plugcmd/find.go:51.2,51.12 1 0
github.com/markbates/plugins/plugcmd/flag_printer.go:20.55,22.2 1 1
github.com/markbates/plugins/plugcmd/flag_printer.go:24.45,26.2 1 1
github.com/markbates/plugins/plugcmd/flagger.go:20.52,22.2 1 1
github.com/markbates/plugins/plugcmd/flagger.go:24.41,26.2 1 1
github.com/markbates/plugins/plugcmd/flags.go:13.49,15.34 2 1
github.com/markbates/plugins/plugcmd/flags.go:15.34,17.3 1 2
github.com/markbates/plugins/plugcmd/flags.go:18.2,18.14 1 1
github.com/markbates/plugins/plugcmd/flags.go:23.65,25.34 2 1
github.com/markbates/plugins/plugcmd/flags.go:25.34,27.3 1 1
github.com/markbates/plugins/plugcmd/flags.go:28.2,28.24 1 1
github.com/markbates/plugins/plugcmd/flags.go:33.63,35.26 2 2
github.com/markbates/plugins/plugcmd/flags.go:35.26,42.3 1 2
github.com/markbates/plugins/plugcmd/flags.go:43.2,43.12 1 2
github.com/markbates/plugins/plugcmd/flags.go:46.36,47.28 1 2
github.com/markbates/plugins/plugcmd/flags.go:47.28,49.3 1 1
github.com/markbates/plugins/plugcmd/flags.go:50.2,50.23 1 1
github.com/markbates/plugins/plugcmd/namer.go:21.36,23.2 1 2
github.com/markbates/plugins/plugcmd/namer.go:25.39,27.2 1 1
github.com/markbates/plugins/plugcmd/plugprint.go:28.52,33.35 4 1
github.com/markbates/plugins/plugcmd/plugprint.go:33.35,35.3 1 6
github.com/markbates/plugins/plugcmd/plugprint.go:36.2,38.38 2 1
github.com/markbates/plugins/plugcmd/plugprint.go:38.38,40.41 2 1
github.com/markbates/plugins/plugcmd/plugprint.go:40.41,42.4 1 0
github.com/markbates/plugins/plugcmd/plugprint.go:43.3,43.18 1 1
github.com/markbates/plugins/plugcmd/plugprint.go:46.2,46.33 1 1
github.com/markbates/plugins/plugcmd/plugprint.go:46.33,48.24 2 1
github.com/markbates/plugins/plugcmd/plugprint.go:48.24,52.4 3 1
github.com/markbates/plugins/plugcmd/plugprint.go:55.2,55.44 1 1
github.com/markbates/plugins/plugcmd/plugprint.go:55.44,57.3 1 0
github.com/markbates/plugins/plugcmd/plugprint.go:59.2,59.47 1 1
github.com/markbates/plugins/plugcmd/plugprint.go:59.47,61.3 1 0
github.com/markbates/plugins/plugcmd/plugprint.go:63.2,63.46 1 1
github.com/markbates/plugins/plugcmd/plugprint.go:63.46,65.3 1 0
github.com/markbates/plugins/plugcmd/plugprint.go:67.2,67.12 1 1
github.com/markbates/plugins/plugcmd/plugprint.go:70.54,71.34 1 1
github.com/markbates/plugins/plugcmd/plugprint.go:71.34,75.3 2 1
github.com/markbates/plugins/plugcmd/plugprint.go:77.2,77.30 1 0
github.com/markbates/plugins/plugcmd/plugprint.go:77.30,79.17 2 0
github.com/markbates/plugins/plugcmd/plugprint.go:79.17,81.4 1 0
github.com/markbates/plugins/plugcmd/plugprint.go:83.3,87.22 5 0
github.com/markbates/plugins/plugcmd/plugprint.go:90.2,90.12 1 0
github.com/markbates/plugins/plugcmd/plugprint.go:93.59,96.47 2 1
github.com/markbates/plugins/plugcmd/plugprint.go:96.47,98.3 1 0
github.com/markbates/plugins/plugcmd/plugprint.go:100.2,100.18 1 1
github.com/markbates/plugins/plugcmd/plugprint.go:100.18,102.3 1 0
github.com/markbates/plugins/plugcmd/plugprint.go:104.2,105.23 2 1
github.com/markbates/plugins/plugcmd/plugprint.go:105.23,107.3 1 2
github.com/markbates/plugins/plugcmd/plugprint.go:109.2,109.40 1 1
github.com/markbates/plugins/plugcmd/plugprint.go:109.40,111.3 1 1
github.com/markbates/plugins/plugcmd/plugprint.go:113.2,117.26 5 1
github.com/markbates/plugins/plugcmd/plugprint.go:117.26,119.3 1 2
github.com/markbates/plugins/plugcmd/plugprint.go:121.2,122.12 2 1
github.com/markbates/plugins/plugcmd/plugprint.go:125.40,132.31 5 3
github.com/markbates/plugins/plugcmd/plugprint.go:132.31,135.3 2 0
github.com/markbates/plugins/plugcmd/plugprint.go:136.2,139.20 3 3
github.com/markbates/plugins/plugcmd/plugprint.go:142.76,143.15 1 1
github.com/markbates/plugins/plugcmd/plugprint.go:143.15,145.3 1 0
github.com/markbates/plugins/plugcmd/plugprint.go:147.2,148.9 2 1
github.com/markbates/plugins/plugcmd/plugprint.go:148.9,150.3 1 0
github.com/markbates/plugins/plugcmd/plugprint.go:152.2,154.26 2 1
github.com/markbates/plugins/plugcmd/plugprint.go:154.26,156.3 1 2
github.com/markbates/plugins/plugcmd/plugprint.go:158.2,158.12 1 1
github.com/markbates/plugins/plugcmd/plugprint.go:161.60,163.9 2 1
github.com/markbates/plugins/plugcmd/plugprint.go:163.9,165.3 1 0
github.com/markbates/plugins/plugcmd/plugprint.go:167.2,168.21 2 1
github.com/markbates/plugins/plugcmd/plugprint.go:168.21,170.3 1 0
github.com/markbates/plugins/plugcmd/plugprint.go:172.2,172.40 1 1
github.com/markbates/plugins/plugcmd/plugprint.go:172.40,174.3 1 2
github.com/markbates/plugins/plugcmd/plugprint.go:176.2,182.26 6 1
github.com/markbates/plugins/plugcmd/plugprint.go:182.26,184.28 2 3
github.com/markbates/plugins/plugcmd/plugprint.go:184.28,186.4 1 3
github.com/markbates/plugins/plugcmd/plugprint.go:187.3,187.25 1 3
github.com/markbates/plugins/plugcmd/plugprint.go:190.2,191.12 2 1
github.com/markbates/plugins/plugcmd/plugprint.go:194.36,195.32 1 5
github.com/markbates/plugins/plugcmd/plugprint.go:195.32,197.3 1 5
github.com/markbates/plugins/plugcmd/plugprint.go:198.2,198.11 1 0
github.com/markbates/plugins/plugcmd/plugprint.go:201.39,202.28 1 4
github.com/markbates/plugins/plugcmd/plugprint.go:202.28,204.3 1 0
github.com/markbates/plugins/plugcmd/plugprint.go:205.2,205.34 1 4
github.com/markbates/plugins/plugcmd/sub_commander.go:21.52,23.2 1 0
github.com/markbates/plugins/plugcmd/sub_commander.go:25.46,27.2 1 0
github.com/markbates/plugins/plugcmd/usage_printer.go:24.56,26.2 1 0
github.com/markbates/plugins/plugcmd/usage_printer.go:28.46,30.2 1 0
