mode: atomic
github.com/markbates/plugins/finder.go:18.56,20.2 1 2
github.com/markbates/plugins/finder.go:24.39,25.45 1 2
github.com/markbates/plugins/finder.go:25.45,28.27 2 2
github.com/markbates/plugins/finder.go:28.27,29.30 1 8
github.com/markbates/plugins/finder.go:29.30,31.13 2 1
github.com/markbates/plugins/finder.go:34.4,34.41 1 7
github.com/markbates/plugins/finder.go:34.41,36.13 2 1
github.com/markbates/plugins/finder.go:40.3,40.18 1 2
github.com/markbates/plugins/finder.go:43.2,43.21 1 2
github.com/markbates/plugins/finder.go:48.39,51.26 2 7
github.com/markbates/plugins/finder.go:51.26,52.28 1 27
github.com/markbates/plugins/finder.go:52.28,54.4 1 19
github.com/markbates/plugins/finder.go:57.2,57.12 1 7
github.com/markbates/plugins/io.go:48.40,49.21 1 2
github.com/markbates/plugins/io.go:49.21,51.3 1 1
github.com/markbates/plugins/io.go:53.2,55.25 3 1
github.com/markbates/plugins/io.go:55.25,57.3 1 3
github.com/markbates/plugins/io.go:60.2,60.62 1 1
github.com/markbates/plugins/io.go:60.62,62.3 1 3
github.com/markbates/plugins/io.go:64.2,64.23 1 1
github.com/markbates/plugins/io.go:64.23,66.3 1 0
github.com/markbates/plugins/io.go:68.2,68.35 1 1
github.com/markbates/plugins/io.go:74.40,75.21 1 2
github.com/markbates/plugins/io.go:75.21,77.3 1 1
github.com/markbates/plugins/io.go:79.2,81.25 3 1
github.com/markbates/plugins/io.go:81.25,83.3 1 3
github.com/markbates/plugins/io.go:86.2,86.62 1 1
github.com/markbates/plugins/io.go:86.62,88.3 1 3
github.com/markbates/plugins/io.go:90.2,90.23 1 1
github.com/markbates/plugins/io.go:90.23,92.3 1 0
github.com/markbates/plugins/io.go:94.2,94.35 1 1
github.com/markbates/plugins/plugins.go:66.32,68.2 1 1
github.com/markbates/plugins/plugins.go:72.46,74.2 1 1
github.com/markbates/plugins/plugins.go:77.41,79.2 1 1
github.com/markbates/plugins/plugins.go:81.46,82.24 1 1
github.com/markbates/plugins/plugins.go:82.24,84.3 1 1
github.com/markbates/plugins/plugins.go:88.46,90.2 1 1
github.com/markbates/plugins/plugins.go:94.44,100.24 4 1
github.com/markbates/plugins/plugins.go:100.24,101.40 1 2
github.com/markbates/plugins/plugins.go:101.40,106.4 2 0
github.com/markbates/plugins/plugins.go:107.3,107.76 1 2
github.com/markbates/plugins/plugins.go:110.2,110.12 1 1
github.com/markbates/plugins/plugins.go:115.53,116.15 1 2
github.com/markbates/plugins/plugins.go:116.15,118.3 1 1
github.com/markbates/plugins/plugins.go:120.2,122.28 2 1
github.com/markbates/plugins/plugins.go:122.28,123.43 1 3
github.com/markbates/plugins/plugins.go:123.43,125.4 1 0
github.com/markbates/plugins/plugins.go:128.2,128.12 1 1
github.com/markbates/plugins/plugins.go:132.52,133.15 1 2
github.com/markbates/plugins/plugins.go:133.15,135.3 1 1
github.com/markbates/plugins/plugins.go:137.2,142.25 4 1
github.com/markbates/plugins/plugins.go:142.25,143.45 1 2
github.com/markbates/plugins/plugins.go:143.45,148.4 2 0
github.com/markbates/plugins/plugins.go:149.3,149.81 1 2
github.com/markbates/plugins/plugins.go:152.2,152.12 1 1
github.com/markbates/plugins/plugins.go:156.57,158.2 1 1
github.com/markbates/plugins/plugins.go:165.53,168.26 2 1
github.com/markbates/plugins/plugins.go:168.26,170.10 2 4
github.com/markbates/plugins/plugins.go:170.10,172.12 2 0
github.com/markbates/plugins/plugins.go:175.3,175.31 1 4
github.com/markbates/plugins/plugins.go:175.31,177.4 1 2
github.com/markbates/plugins/plugins.go:180.2,180.12 1 1
github.com/markbates/plugins/plugins.go:183.42,185.2 1 0
github.com/markbates/plugins/plugins.go:190.39,191.21 1 4
github.com/markbates/plugins/plugins.go:191.21,193.3 1 1
github.com/markbates/plugins/plugins.go:195.2,196.31 2 3
github.com/markbates/plugins/plugins.go:196.31,197.20 1 6
github.com/markbates/plugins/plugins.go:197.20,199.4 1 1
github.com/markbates/plugins/plugins.go:201.3,202.17 2 5
github.com/markbates/plugins/plugins.go:202.17,204.4 1 0
github.com/markbates/plugins/plugins.go:206.3,206.18 1 5
github.com/markbates/plugins/plugins.go:206.18,208.4 1 1
github.com/markbates/plugins/plugins.go:209.3,209.21 1 4
github.com/markbates/plugins/plugins.go:211.2,211.12 1 1
github.com/markbates/plugins/plugins.go:215.39,217.26 2 1
github.com/markbates/plugins/plugins.go:217.26,219.3 1 3
github.com/markbates/plugins/plugins.go:220.2,220.14 1 1
github.com/markbates/plugins/plugcmd/aliaser.go:20.43,22.2 1 1
github.com/markbates/plugins/plugcmd/aliaser.go:24.41,26.2 1 1
github.com/markbates/plugins/plugcmd/commander.go:22.83,24.2 1 1
github.com/markbates/plugins/plugcmd/commander.go:26.43,28.2 1 1
github.com/markbates/plugins/plugcmd/describer.go:22.44,24.2 1 1
github.com/markbates/plugins/plugcmd/describer.go:26.43,28.2 1 1
github.com/markbates/plugins/plugcmd/find.go:12.67,13.25 1 2
github.com/markbates/plugins/plugcmd/find.go:13.25,14.32 1 2
github.com/markbates/plugins/plugcmd/find.go:14.32,15.12 1 1
github.com/markbates/plugins/plugcmd/find.go:17.3,17.24 1 1
github.com/markbates/plugins/plugcmd/find.go:20.2,20.12 1 1
github.com/markbates/plugins/plugcmd/find.go:24.57,25.21 1 5
github.com/markbates/plugins/plugcmd/find.go:25.21,27.3 1 1
github.com/markbates/plugins/plugcmd/find.go:29.2,31.25 2 4
github.com/markbates/plugins/plugcmd/find.go:31.25,32.29 1 4
github.com/markbates/plugins/plugcmd/find.go:32.29,33.27 1 4
github.com/markbates/plugins/plugcmd/find.go:33.27,35.5 1 1
github.com/markbates/plugins/plugcmd/find.go:38.3,38.31 1 3
github.com/markbates/plugins/plugcmd/find.go:38.31,39.37 1 3
github.com/markbates/plugins/plugcmd/find.go:39.37,40.18 1 2
github.com/markbates/plugins/plugcmd/find.go:40.18,42.6 1 1
github.com/markbates/plugins/plugcmd/find.go:46.3,46.40 1 2
github.com/markbates/plugins/plugcmd/find.go:46.40,48.4 1 2
github.com/markbates/plugins/plugcmd/find.go:51.2,51.12 1 0
github.com/markbates/plugins/plugcmd/flag_printer.go:20.55,22.2 1 1
github.com/markbates/plugins/plugcmd/flag_printer.go:24.45,26.2 1 1
github.com/markbates/plugins/plugcmd/flagger.go:20.52,22.2 1 1
github.com/markbates/plugins/plugcmd/flagger.go:24.41,26.2 1 1
github.com/markbates/plugins/plugcmd/flags.go:13.49,15.34 2 1
github.com/markbates/plugins/plugcmd/flags.go:15.34,17.3 1 2
github.com/markbates/plugins/plugcmd/flags.go:18.2,18.14 1 1
github.com/markbates/plugins/plugcmd/flags.go:23.65,25.34 2 1
github.com/markbates/plugins/plugcmd/flags.go:25.34,27.3 1 1
github.com/markbates/plugins/plugcmd/flags.go:28.2,28.24 1 1
github.com/markbates/plugins/plugcmd/flags.go:33.63,35.26 2 2
github.com/markbates/plugins/plugcmd/flags.go:35.26,42.3 1 2
github.com/markbates/plugins/plugcmd/flags.go:43.2,43.12 1 2
github.com/markbates/plugins/plugcmd/flags.go:46.36,47.28 1 2
github.com/markbates/plugins/plugcmd/flags.go:47.28,49.3 1 1
github.com/markbates/plugins/plugcmd/flags.go:50.2,50.23 1 1
github.com/markbates/plugins/plugcmd/namer.go:21.36,23.2 1 2
github.com/markbates/plugins/plugcmd/namer.go:25.39,27.2 1 1
github.com/markbates/plugins/plugcmd/plugprint.go:28.52,33.35 4 1
github.com/markbates/plugins/plugcmd/plugprint.go:33.35,35.3 1 6
github.com/markbates/plugins/plugcmd/plugprint.go:36.2,38.38 2 1
github.com/markbates/plugins/plugcmd/plugprint.go:38.38,40.41 2 1
github.com/markbates/plugins/plugcmd/plugprint.go:40.41,42.4 1 0
github.com/markbates/plugins/plugcmd/plugprint.go:43.3,43.18 1 1
github.com/markbates/plugins/plugcmd/plugprint.go:46.2,46.33 1 1
github.com/markbates/plugins/plugcmd/plugprint.go:46.33,48.24 2 1
github.com/markbates/plugins/plugcmd/plugprint.go:48.24,52.4 3 1
github.com/markbates/plugins/plugcmd/plugprint.go:55.2,55.44 1 1
github.com/markbates/plugins/plugcmd/plugprint.go:55.44,57.3 1 0
github.com/markbates/plugins/plugcmd/plugprint.go:59.2,59.47 1 1
github.com/markbates/plugins/plugcmd/plugprint.go:59.47,61.3 1 0
github.com/markbates/plugins/plugcmd/plugprint.go:63.2,63.46 1 1
github.com/markbates/plugins/plugcmd/plugprint.go:63.46,65.3 1 0
github.com/markbates/plugins/plugcmd/plugprint.go:67.2,67.12 1 1
github.com/markbates/plugins/plugcmd/plugprint.go:70.54,71.34 1 1
github.com/markbates/plugins/plugcmd/plugprint.go:71.34,75.3 2 1
github.com/markbates/plugins/plugcmd/plugprint.go:77.2,77.30 1 0
github.com/markbates/plugins/plugcmd/plugprint.go:77.30,79.17 2 0
github.com/markbates/plugins/plugcmd/plugprint.go:79.17,81.4 1 0
github.com/markbates/plugins/plugcmd/plugprint.go:83.3,87.22 5 0
github.com/markbates/plugins/plugcmd/plugprint.go:90.2,90.12 1 0
github.com/markbates/plugins/plugcmd/plugprint.go:93.59,98.18 3 1
github.com/markbates/plugins/plugcmd/plugprint.go:98.18,100.3 1 0
github.com/markbates/plugins/plugcmd/plugprint.go:102.2,103.23 2 1
github.com/markbates/plugins/plugcmd/plugprint.go:103.23,105.3 1 2
github.com/markbates/plugins/plugcmd/plugprint.go:107.2,107.40 1 1
github.com/markbates/plugins/plugcmd/plugprint.go:107.40,109.3 1 1
github.com/markbates/plugins/plugcmd/plugprint.go:111.2,115.26 5 1
github.com/markbates/plugins/plugcmd/plugprint.go:115.26,117.3 1 2
github.com/markbates/plugins/plugcmd/plugprint.go:119.2,120.12 2 1
github.com/markbates/plugins/plugcmd/plugprint.go:123.40,130.31 5 3
github.com/markbates/plugins/plugcmd/plugprint.go:130.31,133.3 2 0
github.com/markbates/plugins/plugcmd/plugprint.go:134.2,137.20 3 3
github.com/markbates/plugins/plugcmd/plugprint.go:140.76,141.15 1 1
github.com/markbates/plugins/plugcmd/plugprint.go:141.15,143.3 1 0
github.com/markbates/plugins/plugcmd/plugprint.go:145.2,146.9 2 1
github.com/markbates/plugins/plugcmd/plugprint.go:146.9,148.3 1 0
github.com/markbates/plugins/plugcmd/plugprint.go:150.2,152.26 2 1
github.com/markbates/plugins/plugcmd/plugprint.go:152.26,154.3 1 2
github.com/markbates/plugins/plugcmd/plugprint.go:156.2,156.12 1 1
github.com/markbates/plugins/plugcmd/plugprint.go:159.60,161.9 2 1
github.com/markbates/plugins/plugcmd/plugprint.go:161.9,163.3 1 0
github.com/markbates/plugins/plugcmd/plugprint.go:165.2,166.21 2 1
github.com/markbates/plugins/plugcmd/plugprint.go:166.21,168.3 1 0
github.com/markbates/plugins/plugcmd/plugprint.go:170.2,170.40 1 1
github.com/markbates/plugins/plugcmd/plugprint.go:170.40,172.3 1 2
github.com/markbates/plugins/plugcmd/plugprint.go:174.2,180.26 6 1
github.com/markbates/plugins/plugcmd/plugprint.go:180.26,182.28 2 3
github.com/markbates/plugins/plugcmd/plugprint.go:182.28,184.4 1 3
github.com/markbates/plugins/plugcmd/plugprint.go:185.3,185.25 1 3
github.com/markbates/plugins/plugcmd/plugprint.go:188.2,189.12 2 1
github.com/markbates/plugins/plugcmd/plugprint.go:192.36,193.32 1 5
github.com/markbates/plugins/plugcmd/plugprint.go:193.32,195.3 1 5
github.com/markbates/plugins/plugcmd/plugprint.go:196.2,196.11 1 0
github.com/markbates/plugins/plugcmd/plugprint.go:199.39,200.28 1 4
github.com/markbates/plugins/plugcmd/plugprint.go:200.28,202.3 1 0
github.com/markbates/plugins/plugcmd/plugprint.go:203.2,203.34 1 4
github.com/markbates/plugins/plugcmd/sub_commander.go:21.52,23.2 1 0
github.com/markbates/plugins/plugcmd/sub_commander.go:25.46,27.2 1 0
github.com/markbates/plugins/plugcmd/usage_printer.go:24.56,26.2 1 0
github.com/markbates/plugins/plugcmd/usage_printer.go:28.46,30.2 1 0
github.com/markbates/plugins/plugtest/availability.go:13.50,15.2 1 1
github.com/markbates/plugins/plugtest/availability.go:17.64,19.2 1 2
github.com/markbates/plugins/plugtest/feeder.go:15.38,17.2 1 1
github.com/markbates/plugins/plugtest/feeder.go:19.50,20.14 1 3
github.com/markbates/plugins/plugtest/feeder.go:20.14,21.33 1 1
github.com/markbates/plugins/plugtest/feeder.go:21.33,23.4 1 1
github.com/markbates/plugins/plugtest/feeder.go:26.2,26.32 1 2
github.com/markbates/plugins/plugtest/feeder.go:26.32,28.3 1 2
github.com/markbates/plugins/plugtest/fs.go:20.46,21.14 1 3
github.com/markbates/plugins/plugtest/fs.go:21.14,23.3 1 1
github.com/markbates/plugins/plugtest/fs.go:25.2,25.17 1 2
github.com/markbates/plugins/plugtest/fs.go:25.17,27.3 1 1
github.com/markbates/plugins/plugtest/fs.go:29.2,29.18 1 1
github.com/markbates/plugins/plugtest/fs.go:32.48,33.14 1 3
github.com/markbates/plugins/plugtest/fs.go:33.14,35.3 1 1
github.com/markbates/plugins/plugtest/fs.go:37.2,37.15 1 2
github.com/markbates/plugins/plugtest/fs.go:37.15,39.3 1 1
github.com/markbates/plugins/plugtest/fs.go:41.2,45.12 4 1
github.com/markbates/plugins/plugtest/fs.go:48.38,50.2 1 1
github.com/markbates/plugins/plugtest/io.go:22.34,24.2 1 1
github.com/markbates/plugins/plugtest/io.go:26.44,27.14 1 2
github.com/markbates/plugins/plugtest/io.go:27.14,29.3 1 1
github.com/markbates/plugins/plugtest/io.go:31.2,32.12 2 1
github.com/markbates/plugins/plugtest/io.go:35.33,36.14 1 2
github.com/markbates/plugins/plugtest/io.go:36.14,38.3 1 1
github.com/markbates/plugins/plugtest/io.go:40.2,40.13 1 1
github.com/markbates/plugins/plugtest/io.go:43.33,44.14 1 2
github.com/markbates/plugins/plugtest/io.go:44.14,46.3 1 1
github.com/markbates/plugins/plugtest/io.go:48.2,48.22 1 1
github.com/markbates/plugins/plugtest/io.go:51.32,52.14 1 2
github.com/markbates/plugins/plugtest/io.go:52.14,54.3 1 1
github.com/markbates/plugins/plugtest/io.go:56.2,56.21 1 1
github.com/markbates/plugins/plugtest/io.go:59.33,60.14 1 2
github.com/markbates/plugins/plugtest/io.go:60.14,62.3 1 1
github.com/markbates/plugins/plugtest/io.go:64.2,64.22 1 1
github.com/markbates/plugins/plugtest/manager.go:20.39,22.2 1 1
github.com/markbates/plugins/plugtest/manager.go:24.58,25.14 1 3
github.com/markbates/plugins/plugtest/manager.go:25.14,27.3 1 1
github.com/markbates/plugins/plugtest/manager.go:29.2,29.15 1 2
github.com/markbates/plugins/plugtest/manager.go:29.15,31.3 1 1
github.com/markbates/plugins/plugtest/manager.go:33.2,37.12 4 1
github.com/markbates/plugins/plugtest/manager.go:40.51,41.31 1 4
github.com/markbates/plugins/plugtest/manager.go:41.31,43.3 1 3
github.com/markbates/plugins/plugtest/manager.go:45.2,45.14 1 4
github.com/markbates/plugins/plugtest/manager.go:45.14,47.3 1 1
github.com/markbates/plugins/plugtest/manager.go:49.2,52.23 3 3
github.com/markbates/plugins/plugtest/manager.go:52.23,54.3 1 2
github.com/markbates/plugins/plugtest/manager.go:56.2,56.19 1 1
github.com/markbates/plugins/plugtest/manager.go:59.51,61.2 1 1
github.com/markbates/plugins/plugtest/needer.go:18.38,20.2 1 1
github.com/markbates/plugins/plugtest/needer.go:22.56,23.14 1 3
github.com/markbates/plugins/plugtest/needer.go:23.14,25.3 1 1
github.com/markbates/plugins/plugtest/needer.go:27.2,27.14 1 2
github.com/markbates/plugins/plugtest/needer.go:27.14,29.3 1 1
github.com/markbates/plugins/plugtest/needer.go:31.2,36.12 4 1
github.com/markbates/plugins/plugtest/scoper.go:15.38,17.2 1 1
github.com/markbates/plugins/plugtest/scoper.go:19.50,20.14 1 3
github.com/markbates/plugins/plugtest/scoper.go:20.14,22.3 1 1
github.com/markbates/plugins/plugtest/scoper.go:24.2,24.18 1 2
github.com/markbates/plugins/plugtest/simple.go:13.37,15.2 1 1
github.com/markbates/plugins/plugtest/string.go:5.43,7.2 1 1
